<?xml version="1.0" encoding="UTF-8"?>
<testng-results ignored="0" total="1" passed="1" failed="0" skipped="0">
  <reporter-output>
  </reporter-output>
  <suite started-at="2023-08-28T12:15:11 IST" name="Default suite" finished-at="2023-08-28T12:15:18 IST" duration-ms="7294">
    <groups>
    </groups>
    <test started-at="2023-08-28T12:15:11 IST" name="Default test" finished-at="2023-08-28T12:15:18 IST" duration-ms="7294">
      <class name="com.pagefactory.LoginPF">
        <test-method signature="verifyswag()[pri:0, instance:com.pagefactory.LoginPF@79e4c792]" started-at="2023-08-28T12:15:11 IST" name="verifyswag" finished-at="2023-08-28T12:15:18 IST" duration-ms="7229" status="PASS">
          <reporter-output>
          </reporter-output>
        </test-method> <!-- verifyswag -->
      </class> <!-- com.pagefactory.LoginPF -->
    </test> <!-- Default test -->
  </suite> <!-- Default suite -->
</testng-results>
